  Reading Qt configuration (C:/Qt/6.3.0/msvc2019_64/bin/qmake)
  Piece.cpp
C:\Users\Alexis L\Desktop\Polytechnique\Session_2\echec1015\ProjetFinalEchec\Piece.cpp(1,1): warning C4828: Le fichier contient un caractère qui débute à l'offset 0x58 et qui est non conforme dans le jeu de caractères source actuel (page de codes 65001).
C:\Program Files\Microsoft Visual Studio\2022\Community\VC\Tools\MSVC\14.30.30705\include\xutility(149,56): error C2664: 'Case::Case(const Case &)' : impossible de convertir l'argument 1 de 'const std::shared_ptr<Case>' en 'const Case &'
C:\Program Files\Microsoft Visual Studio\2022\Community\VC\Tools\MSVC\14.30.30705\include\xutility(142,1): message : Raison : impossible de convertir de 'const std::shared_ptr<Case>' en 'const Case'
C:\Program Files\Microsoft Visual Studio\2022\Community\VC\Tools\MSVC\14.30.30705\include\xutility(149,77): message : Aucun opérateur de conversion définie par l'utilisateur disponible qui puisse effectuer cette conversion, ou l'opérateur ne peut pas être appelé
C:\Users\Alexis L\Desktop\Polytechnique\Session_2\echec1015\ProjetFinalEchec\Case.h(13,1): message : voir la déclaration de 'Case::Case'
C:\Program Files\Microsoft Visual Studio\2022\Community\VC\Tools\MSVC\14.30.30705\include\memory(2003): message : voir la référence à l'instanciation de la fonction modèle 'void std::_Construct_in_place<_Ty,const std::shared_ptr<_Ty>&>(_Ty &,const std::shared_ptr<_Ty> &) noexcept(false)' en cours de compilation
          with
          [
              _Ty=Case
          ]
C:\Program Files\Microsoft Visual Studio\2022\Community\VC\Tools\MSVC\14.30.30705\include\memory(2722): message : voir la référence à l'instanciation de la fonction modèle 'std::_Ref_count_obj2<_Ty>::_Ref_count_obj2<const std::shared_ptr<_Ty>&>(const std::shared_ptr<_Ty> &)' en cours de compilation
          with
          [
              _Ty=Case
          ]
C:\Program Files\Microsoft Visual Studio\2022\Community\VC\Tools\MSVC\14.30.30705\include\memory(2723): message : voir la référence à l'instanciation de la fonction modèle 'std::_Ref_count_obj2<_Ty>::_Ref_count_obj2<const std::shared_ptr<_Ty>&>(const std::shared_ptr<_Ty> &)' en cours de compilation
          with
          [
              _Ty=Case
          ]
C:\Users\Alexis L\Desktop\Polytechnique\Session_2\echec1015\ProjetFinalEchec\Piece.cpp(18): message : voir la référence à l'instanciation de la fonction modèle 'std::shared_ptr<Case> std::make_shared<Case,const std::shared_ptr<Case>&>(const std::shared_ptr<Case> &)' en cours de compilation
